
Dataset: Lifestyle | features=7 | train=202944 | test=50736 | mode=PCA
Training KNN with StandardScaler + PCA (GridSearchCV)...
/home/dotand/roni/venv/lib/python3.12/site-packages/cuml/internals/outputs.py:433: FutureWarning: The `probability` parameter is deprecated and will be removed in cuML version 26.08. Use `CalibratedClassifierCV(SVC(), ensemble=False)` from `sklearn.calibration` instead.
  res = func(*args, **kwargs)
/home/dotand/roni/venv/lib/python3.12/site-packages/cuml/internals/outputs.py:433: FutureWarning: The `probability` parameter is deprecated and will be removed in cuML version 26.08. Use `CalibratedClassifierCV(SVC(), ensemble=False)` from `sklearn.calibration` instead.
  res = func(*args, **kwargs)
/home/dotand/roni/venv/lib/python3.12/site-packages/cuml/internals/outputs.py:433: FutureWarning: The `probability` parameter is deprecated and will be removed in cuML version 26.08. Use `CalibratedClassifierCV(SVC(), ensemble=False)` from `sklearn.calibration` instead.
  res = func(*args, **kwargs)
/home/dotand/roni/venv/lib/python3.12/site-packages/cuml/internals/outputs.py:433: FutureWarning: The `probability` parameter is deprecated and will be removed in cuML version 26.08. Use `CalibratedClassifierCV(SVC(), ensemble=False)` from `sklearn.calibration` instead.
  res = func(*args, **kwargs)
/home/dotand/roni/venv/lib/python3.12/site-packages/cuml/internals/outputs.py:433: FutureWarning: The `probability` parameter is deprecated and will be removed in cuML version 26.08. Use `CalibratedClassifierCV(SVC(), ensemble=False)` from `sklearn.calibration` instead.
  res = func(*args, **kwargs)
/home/dotand/roni/venv/lib/python3.12/site-packages/cuml/internals/outputs.py:433: FutureWarning: The `probability` parameter is deprecated and will be removed in cuML version 26.08. Use `CalibratedClassifierCV(SVC(), ensemble=False)` from `sklearn.calibration` instead.
  res = func(*args, **kwargs)
/home/dotand/roni/venv/lib/python3.12/site-packages/cuml/internals/outputs.py:433: FutureWarning: The `probability` parameter is deprecated and will be removed in cuML version 26.08. Use `CalibratedClassifierCV(SVC(), ensemble=False)` from `sklearn.calibration` instead.
  res = func(*args, **kwargs)
/home/dotand/roni/venv/lib/python3.12/site-packages/cuml/internals/outputs.py:433: FutureWarning: The `probability` parameter is deprecated and will be removed in cuML version 26.08. Use `CalibratedClassifierCV(SVC(), ensemble=False)` from `sklearn.calibration` instead.
  res = func(*args, **kwargs)
/home/dotand/roni/venv/lib/python3.12/site-packages/cuml/internals/outputs.py:433: FutureWarning: The `probability` parameter is deprecated and will be removed in cuML version 26.08. Use `CalibratedClassifierCV(SVC(), ensemble=False)` from `sklearn.calibration` instead.
  res = func(*args, **kwargs)
/home/dotand/roni/venv/lib/python3.12/site-packages/cuml/internals/outputs.py:433: FutureWarning: The `probability` parameter is deprecated and will be removed in cuML version 26.08. Use `CalibratedClassifierCV(SVC(), ensemble=False)` from `sklearn.calibration` instead.
  res = func(*args, **kwargs)
/home/dotand/roni/venv/lib/python3.12/site-packages/cuml/internals/outputs.py:433: FutureWarning: The `probability` parameter is deprecated and will be removed in cuML version 26.08. Use `CalibratedClassifierCV(SVC(), ensemble=False)` from `sklearn.calibration` instead.
  res = func(*args, **kwargs)
/home/dotand/roni/venv/lib/python3.12/site-packages/cuml/internals/outputs.py:433: FutureWarning: The `probability` parameter is deprecated and will be removed in cuML version 26.08. Use `CalibratedClassifierCV(SVC(), ensemble=False)` from `sklearn.calibration` instead.
  res = func(*args, **kwargs)
/home/dotand/roni/venv/lib/python3.12/site-packages/cuml/internals/outputs.py:433: FutureWarning: The `probability` parameter is deprecated and will be removed in cuML version 26.08. Use `CalibratedClassifierCV(SVC(), ensemble=False)` from `sklearn.calibration` instead.
  res = func(*args, **kwargs)
/home/dotand/roni/venv/lib/python3.12/site-packages/cuml/internals/outputs.py:433: FutureWarning: The `probability` parameter is deprecated and will be removed in cuML version 26.08. Use `CalibratedClassifierCV(SVC(), ensemble=False)` from `sklearn.calibration` instead.
  res = func(*args, **kwargs)
/home/dotand/roni/venv/lib/python3.12/site-packages/cuml/internals/outputs.py:433: FutureWarning: The `probability` parameter is deprecated and will be removed in cuML version 26.08. Use `CalibratedClassifierCV(SVC(), ensemble=False)` from `sklearn.calibration` instead.
  res = func(*args, **kwargs)
/home/dotand/roni/venv/lib/python3.12/site-packages/cuml/internals/outputs.py:433: FutureWarning: The `probability` parameter is deprecated and will be removed in cuML version 26.08. Use `CalibratedClassifierCV(SVC(), ensemble=False)` from `sklearn.calibration` instead.
  res = func(*args, **kwargs)
/home/dotand/roni/venv/lib/python3.12/site-packages/cuml/internals/outputs.py:433: FutureWarning: The `probability` parameter is deprecated and will be removed in cuML version 26.08. Use `CalibratedClassifierCV(SVC(), ensemble=False)` from `sklearn.calibration` instead.
  res = func(*args, **kwargs)
/home/dotand/roni/venv/lib/python3.12/site-packages/cuml/internals/outputs.py:433: FutureWarning: The `probability` parameter is deprecated and will be removed in cuML version 26.08. Use `CalibratedClassifierCV(SVC(), ensemble=False)` from `sklearn.calibration` instead.
  res = func(*args, **kwargs)
/home/dotand/roni/venv/lib/python3.12/site-packages/cuml/internals/outputs.py:433: FutureWarning: The `probability` parameter is deprecated and will be removed in cuML version 26.08. Use `CalibratedClassifierCV(SVC(), ensemble=False)` from `sklearn.calibration` instead.
  res = func(*args, **kwargs)
/home/dotand/roni/venv/lib/python3.12/site-packages/cuml/internals/outputs.py:433: FutureWarning: The `probability` parameter is deprecated and will be removed in cuML version 26.08. Use `CalibratedClassifierCV(SVC(), ensemble=False)` from `sklearn.calibration` instead.
  res = func(*args, **kwargs)
/home/dotand/roni/venv/lib/python3.12/site-packages/cuml/internals/outputs.py:433: FutureWarning: The `probability` parameter is deprecated and will be removed in cuML version 26.08. Use `CalibratedClassifierCV(SVC(), ensemble=False)` from `sklearn.calibration` instead.
  res = func(*args, **kwargs)
/home/dotand/roni/venv/lib/python3.12/site-packages/xgboost/core.py:553: UserWarning: [14:49:19] WARNING: /__w/xgboost/xgboost/src/common/error_msg.cc:62: Falling back to prediction using DMatrix due to mismatched devices. This might lead to higher memory usage and slower performance. XGBoost is running on: cuda:0, while the input data is on: cpu.
Potential solutions:
- Use a data structure that matches the device ordinal in the booster.
- Set the device for booster before call to inplace_predict.

This warning will only be shown once.

  return func(**kwargs)
/home/dotand/roni/venv/lib/python3.12/site-packages/xgboost/core.py:553: UserWarning: [14:49:19] WARNING: /__w/xgboost/xgboost/src/common/error_msg.cc:62: Falling back to prediction using DMatrix due to mismatched devices. This might lead to higher memory usage and slower performance. XGBoost is running on: cuda:0, while the input data is on: cpu.
Potential solutions:
- Use a data structure that matches the device ordinal in the booster.
- Set the device for booster before call to inplace_predict.

This warning will only be shown once.

  return func(**kwargs)
/home/dotand/roni/venv/lib/python3.12/site-packages/xgboost/core.py:553: UserWarning: [14:49:19] WARNING: /__w/xgboost/xgboost/src/common/error_msg.cc:62: Falling back to prediction using DMatrix due to mismatched devices. This might lead to higher memory usage and slower performance. XGBoost is running on: cuda:0, while the input data is on: cpu.
Potential solutions:
- Use a data structure that matches the device ordinal in the booster.
- Set the device for booster before call to inplace_predict.

This warning will only be shown once.

  return func(**kwargs)
/home/dotand/roni/venv/lib/python3.12/site-packages/xgboost/core.py:553: UserWarning: [14:49:19] WARNING: /__w/xgboost/xgboost/src/common/error_msg.cc:62: Falling back to prediction using DMatrix due to mismatched devices. This might lead to higher memory usage and slower performance. XGBoost is running on: cuda:0, while the input data is on: cpu.
Potential solutions:
- Use a data structure that matches the device ordinal in the booster.
- Set the device for booster before call to inplace_predict.

This warning will only be shown once.

  return func(**kwargs)
/home/dotand/roni/venv/lib/python3.12/site-packages/xgboost/core.py:553: UserWarning: [14:49:29] WARNING: /__w/xgboost/xgboost/src/common/error_msg.cc:62: Falling back to prediction using DMatrix due to mismatched devices. This might lead to higher memory usage and slower performance. XGBoost is running on: cuda:0, while the input data is on: cpu.
Potential solutions:
- Use a data structure that matches the device ordinal in the booster.
- Set the device for booster before call to inplace_predict.

This warning will only be shown once.

  return func(**kwargs)
PCA_Components=7 | Threshold=0.000 | CV_F1=0.0460 | Test_F1=0.1722 | AUC=0.5648
SVM: training on a stratified subsample of 40000 / 202944 rows
Training SVM with StandardScaler + PCA (GridSearchCV)...
PCA_Components=7 | Threshold=0.576 | CV_F1=0.2214 | Test_F1=0.2186 | AUC=0.6202
Training XGBoost with StandardScaler + PCA (GridSearchCV)...
PCA_Components=7 | Threshold=0.564 | CV_F1=0.2231 | Test_F1=0.2223 | AUC=0.6385
Training MLP with StandardScaler + PCA (GridSearchCV)...
PCA_Components=7 | Threshold=0.560 | CV_F1=0.2222 | Test_F1=0.2221 | AUC=0.6385
