
Dataset: Clinical | features=14 | train=202944 | test=50736 | mode=no PCA
Training KNN with StandardScaler (GridSearchCV)...
/home/dotand/roni/venv/lib/python3.12/site-packages/cuml/internals/outputs.py:433: FutureWarning: The `probability` parameter is deprecated and will be removed in cuML version 26.08. Use `CalibratedClassifierCV(SVC(), ensemble=False)` from `sklearn.calibration` instead.
  res = func(*args, **kwargs)
/home/dotand/roni/venv/lib/python3.12/site-packages/cuml/internals/outputs.py:433: FutureWarning: The `probability` parameter is deprecated and will be removed in cuML version 26.08. Use `CalibratedClassifierCV(SVC(), ensemble=False)` from `sklearn.calibration` instead.
  res = func(*args, **kwargs)
/home/dotand/roni/venv/lib/python3.12/site-packages/cuml/internals/outputs.py:433: FutureWarning: The `probability` parameter is deprecated and will be removed in cuML version 26.08. Use `CalibratedClassifierCV(SVC(), ensemble=False)` from `sklearn.calibration` instead.
  res = func(*args, **kwargs)
/home/dotand/roni/venv/lib/python3.12/site-packages/cuml/internals/outputs.py:433: FutureWarning: The `probability` parameter is deprecated and will be removed in cuML version 26.08. Use `CalibratedClassifierCV(SVC(), ensemble=False)` from `sklearn.calibration` instead.
  res = func(*args, **kwargs)
/home/dotand/roni/venv/lib/python3.12/site-packages/cuml/internals/outputs.py:433: FutureWarning: The `probability` parameter is deprecated and will be removed in cuML version 26.08. Use `CalibratedClassifierCV(SVC(), ensemble=False)` from `sklearn.calibration` instead.
  res = func(*args, **kwargs)
/home/dotand/roni/venv/lib/python3.12/site-packages/cuml/internals/outputs.py:433: FutureWarning: The `probability` parameter is deprecated and will be removed in cuML version 26.08. Use `CalibratedClassifierCV(SVC(), ensemble=False)` from `sklearn.calibration` instead.
  res = func(*args, **kwargs)
/home/dotand/roni/venv/lib/python3.12/site-packages/cuml/internals/outputs.py:433: FutureWarning: The `probability` parameter is deprecated and will be removed in cuML version 26.08. Use `CalibratedClassifierCV(SVC(), ensemble=False)` from `sklearn.calibration` instead.
  res = func(*args, **kwargs)
/home/dotand/roni/venv/lib/python3.12/site-packages/cuml/internals/outputs.py:433: FutureWarning: The `probability` parameter is deprecated and will be removed in cuML version 26.08. Use `CalibratedClassifierCV(SVC(), ensemble=False)` from `sklearn.calibration` instead.
  res = func(*args, **kwargs)
/home/dotand/roni/venv/lib/python3.12/site-packages/cuml/internals/outputs.py:433: FutureWarning: The `probability` parameter is deprecated and will be removed in cuML version 26.08. Use `CalibratedClassifierCV(SVC(), ensemble=False)` from `sklearn.calibration` instead.
  res = func(*args, **kwargs)
/home/dotand/roni/venv/lib/python3.12/site-packages/cuml/internals/outputs.py:433: FutureWarning: The `probability` parameter is deprecated and will be removed in cuML version 26.08. Use `CalibratedClassifierCV(SVC(), ensemble=False)` from `sklearn.calibration` instead.
  res = func(*args, **kwargs)
/home/dotand/roni/venv/lib/python3.12/site-packages/cuml/internals/outputs.py:433: FutureWarning: The `probability` parameter is deprecated and will be removed in cuML version 26.08. Use `CalibratedClassifierCV(SVC(), ensemble=False)` from `sklearn.calibration` instead.
  res = func(*args, **kwargs)
/home/dotand/roni/venv/lib/python3.12/site-packages/xgboost/core.py:553: UserWarning: [15:08:52] WARNING: /__w/xgboost/xgboost/src/common/error_msg.cc:62: Falling back to prediction using DMatrix due to mismatched devices. This might lead to higher memory usage and slower performance. XGBoost is running on: cuda:0, while the input data is on: cpu.
Potential solutions:
- Use a data structure that matches the device ordinal in the booster.
- Set the device for booster before call to inplace_predict.

This warning will only be shown once.

  return func(**kwargs)
/home/dotand/roni/venv/lib/python3.12/site-packages/xgboost/core.py:553: UserWarning: [15:08:52] WARNING: /__w/xgboost/xgboost/src/common/error_msg.cc:62: Falling back to prediction using DMatrix due to mismatched devices. This might lead to higher memory usage and slower performance. XGBoost is running on: cuda:0, while the input data is on: cpu.
Potential solutions:
- Use a data structure that matches the device ordinal in the booster.
- Set the device for booster before call to inplace_predict.

This warning will only be shown once.

  return func(**kwargs)
/home/dotand/roni/venv/lib/python3.12/site-packages/xgboost/core.py:553: UserWarning: [15:08:53] WARNING: /__w/xgboost/xgboost/src/common/error_msg.cc:62: Falling back to prediction using DMatrix due to mismatched devices. This might lead to higher memory usage and slower performance. XGBoost is running on: cuda:0, while the input data is on: cpu.
Potential solutions:
- Use a data structure that matches the device ordinal in the booster.
- Set the device for booster before call to inplace_predict.

This warning will only be shown once.

  return func(**kwargs)
/home/dotand/roni/venv/lib/python3.12/site-packages/xgboost/core.py:553: UserWarning: [15:08:53] WARNING: /__w/xgboost/xgboost/src/common/error_msg.cc:62: Falling back to prediction using DMatrix due to mismatched devices. This might lead to higher memory usage and slower performance. XGBoost is running on: cuda:0, while the input data is on: cpu.
Potential solutions:
- Use a data structure that matches the device ordinal in the booster.
- Set the device for booster before call to inplace_predict.

This warning will only be shown once.

  return func(**kwargs)
/home/dotand/roni/venv/lib/python3.12/site-packages/xgboost/core.py:553: UserWarning: [15:09:03] WARNING: /__w/xgboost/xgboost/src/common/error_msg.cc:62: Falling back to prediction using DMatrix due to mismatched devices. This might lead to higher memory usage and slower performance. XGBoost is running on: cuda:0, while the input data is on: cpu.
Potential solutions:
- Use a data structure that matches the device ordinal in the booster.
- Set the device for booster before call to inplace_predict.

This warning will only be shown once.

  return func(**kwargs)
/home/dotand/roni/venv/lib/python3.12/site-packages/cuml/internals/outputs.py:433: FutureWarning: The `probability` parameter is deprecated and will be removed in cuML version 26.08. Use `CalibratedClassifierCV(SVC(), ensemble=False)` from `sklearn.calibration` instead.
  res = func(*args, **kwargs)
/home/dotand/roni/venv/lib/python3.12/site-packages/cuml/internals/outputs.py:433: FutureWarning: The `probability` parameter is deprecated and will be removed in cuML version 26.08. Use `CalibratedClassifierCV(SVC(), ensemble=False)` from `sklearn.calibration` instead.
  res = func(*args, **kwargs)
/home/dotand/roni/venv/lib/python3.12/site-packages/cuml/internals/outputs.py:433: FutureWarning: The `probability` parameter is deprecated and will be removed in cuML version 26.08. Use `CalibratedClassifierCV(SVC(), ensemble=False)` from `sklearn.calibration` instead.
  res = func(*args, **kwargs)
/home/dotand/roni/venv/lib/python3.12/site-packages/cuml/internals/outputs.py:433: FutureWarning: The `probability` parameter is deprecated and will be removed in cuML version 26.08. Use `CalibratedClassifierCV(SVC(), ensemble=False)` from `sklearn.calibration` instead.
  res = func(*args, **kwargs)
/home/dotand/roni/venv/lib/python3.12/site-packages/cuml/internals/outputs.py:433: FutureWarning: The `probability` parameter is deprecated and will be removed in cuML version 26.08. Use `CalibratedClassifierCV(SVC(), ensemble=False)` from `sklearn.calibration` instead.
  res = func(*args, **kwargs)
/home/dotand/roni/venv/lib/python3.12/site-packages/cuml/internals/outputs.py:433: FutureWarning: The `probability` parameter is deprecated and will be removed in cuML version 26.08. Use `CalibratedClassifierCV(SVC(), ensemble=False)` from `sklearn.calibration` instead.
  res = func(*args, **kwargs)
/home/dotand/roni/venv/lib/python3.12/site-packages/cuml/internals/outputs.py:433: FutureWarning: The `probability` parameter is deprecated and will be removed in cuML version 26.08. Use `CalibratedClassifierCV(SVC(), ensemble=False)` from `sklearn.calibration` instead.
  res = func(*args, **kwargs)
/home/dotand/roni/venv/lib/python3.12/site-packages/cuml/internals/outputs.py:433: FutureWarning: The `probability` parameter is deprecated and will be removed in cuML version 26.08. Use `CalibratedClassifierCV(SVC(), ensemble=False)` from `sklearn.calibration` instead.
  res = func(*args, **kwargs)
/home/dotand/roni/venv/lib/python3.12/site-packages/cuml/internals/outputs.py:433: FutureWarning: The `probability` parameter is deprecated and will be removed in cuML version 26.08. Use `CalibratedClassifierCV(SVC(), ensemble=False)` from `sklearn.calibration` instead.
  res = func(*args, **kwargs)
/home/dotand/roni/venv/lib/python3.12/site-packages/cuml/internals/outputs.py:433: FutureWarning: The `probability` parameter is deprecated and will be removed in cuML version 26.08. Use `CalibratedClassifierCV(SVC(), ensemble=False)` from `sklearn.calibration` instead.
  res = func(*args, **kwargs)
/home/dotand/roni/venv/lib/python3.12/site-packages/cuml/internals/outputs.py:433: FutureWarning: The `probability` parameter is deprecated and will be removed in cuML version 26.08. Use `CalibratedClassifierCV(SVC(), ensemble=False)` from `sklearn.calibration` instead.
  res = func(*args, **kwargs)
/home/dotand/roni/venv/lib/python3.12/site-packages/cuml/internals/outputs.py:433: FutureWarning: The `probability` parameter is deprecated and will be removed in cuML version 26.08. Use `CalibratedClassifierCV(SVC(), ensemble=False)` from `sklearn.calibration` instead.
  res = func(*args, **kwargs)
/home/dotand/roni/venv/lib/python3.12/site-packages/cuml/internals/outputs.py:433: FutureWarning: The `probability` parameter is deprecated and will be removed in cuML version 26.08. Use `CalibratedClassifierCV(SVC(), ensemble=False)` from `sklearn.calibration` instead.
  res = func(*args, **kwargs)
/home/dotand/roni/venv/lib/python3.12/site-packages/cuml/internals/outputs.py:433: FutureWarning: The `probability` parameter is deprecated and will be removed in cuML version 26.08. Use `CalibratedClassifierCV(SVC(), ensemble=False)` from `sklearn.calibration` instead.
  res = func(*args, **kwargs)
/home/dotand/roni/venv/lib/python3.12/site-packages/cuml/internals/outputs.py:433: FutureWarning: The `probability` parameter is deprecated and will be removed in cuML version 26.08. Use `CalibratedClassifierCV(SVC(), ensemble=False)` from `sklearn.calibration` instead.
  res = func(*args, **kwargs)
/home/dotand/roni/venv/lib/python3.12/site-packages/cuml/internals/outputs.py:433: FutureWarning: The `probability` parameter is deprecated and will be removed in cuML version 26.08. Use `CalibratedClassifierCV(SVC(), ensemble=False)` from `sklearn.calibration` instead.
  res = func(*args, **kwargs)
/home/dotand/roni/venv/lib/python3.12/site-packages/cuml/internals/outputs.py:433: FutureWarning: The `probability` parameter is deprecated and will be removed in cuML version 26.08. Use `CalibratedClassifierCV(SVC(), ensemble=False)` from `sklearn.calibration` instead.
  res = func(*args, **kwargs)
/home/dotand/roni/venv/lib/python3.12/site-packages/cuml/internals/outputs.py:433: FutureWarning: The `probability` parameter is deprecated and will be removed in cuML version 26.08. Use `CalibratedClassifierCV(SVC(), ensemble=False)` from `sklearn.calibration` instead.
  res = func(*args, **kwargs)
/home/dotand/roni/venv/lib/python3.12/site-packages/cuml/internals/outputs.py:433: FutureWarning: The `probability` parameter is deprecated and will be removed in cuML version 26.08. Use `CalibratedClassifierCV(SVC(), ensemble=False)` from `sklearn.calibration` instead.
  res = func(*args, **kwargs)
/home/dotand/roni/venv/lib/python3.12/site-packages/cuml/internals/outputs.py:433: FutureWarning: The `probability` parameter is deprecated and will be removed in cuML version 26.08. Use `CalibratedClassifierCV(SVC(), ensemble=False)` from `sklearn.calibration` instead.
  res = func(*args, **kwargs)
/home/dotand/roni/venv/lib/python3.12/site-packages/cuml/internals/outputs.py:433: FutureWarning: The `probability` parameter is deprecated and will be removed in cuML version 26.08. Use `CalibratedClassifierCV(SVC(), ensemble=False)` from `sklearn.calibration` instead.
  res = func(*args, **kwargs)
/home/dotand/roni/venv/lib/python3.12/site-packages/cuml/internals/outputs.py:433: FutureWarning: The `probability` parameter is deprecated and will be removed in cuML version 26.08. Use `CalibratedClassifierCV(SVC(), ensemble=False)` from `sklearn.calibration` instead.
  res = func(*args, **kwargs)
PCA_Components=None | Threshold=0.594 | CV_F1=0.3556 | Test_F1=0.3574 | AUC=0.7748
SVM: training on a stratified subsample of 40000 / 202944 rows
Training SVM with StandardScaler (GridSearchCV)...
PCA_Components=None | Threshold=0.684 | CV_F1=0.3694 | Test_F1=0.3796 | AUC=0.8124
Training XGBoost with StandardScaler (GridSearchCV)...
PCA_Components=None | Threshold=0.321 | CV_F1=0.3043 | Test_F1=0.4062 | AUC=0.8403
Training MLP with StandardScaler (GridSearchCV)...
PCA_Components=None | Threshold=0.696 | CV_F1=0.3590 | Test_F1=0.3797 | AUC=0.8144

Dataset: Lifestyle | features=7 | train=202944 | test=50736 | mode=no PCA
Training KNN with StandardScaler (GridSearchCV)...
PCA_Components=None | Threshold=0.000 | CV_F1=0.0493 | Test_F1=0.1722 | AUC=0.5652
SVM: training on a stratified subsample of 40000 / 202944 rows
Training SVM with StandardScaler (GridSearchCV)...
PCA_Components=None | Threshold=0.596 | CV_F1=0.2214 | Test_F1=0.2186 | AUC=0.6135
Training XGBoost with StandardScaler (GridSearchCV)...
PCA_Components=None | Threshold=0.553 | CV_F1=0.2228 | Test_F1=0.2227 | AUC=0.6385
Training MLP with StandardScaler (GridSearchCV)...
PCA_Components=None | Threshold=0.556 | CV_F1=0.2229 | Test_F1=0.2225 | AUC=0.6382

Dataset: Merged | features=21 | train=202944 | test=50736 | mode=no PCA
Training KNN with StandardScaler (GridSearchCV)...
PCA_Components=None | Threshold=0.624 | CV_F1=0.3514 | Test_F1=0.3589 | AUC=0.7893
SVM: training on a stratified subsample of 40000 / 202944 rows
Training SVM with StandardScaler (GridSearchCV)...
PCA_Components=None | Threshold=0.497 | CV_F1=0.3692 | Test_F1=0.3680 | AUC=0.8017
Training XGBoost with StandardScaler (GridSearchCV)...
PCA_Components=None | Threshold=0.282 | CV_F1=0.2671 | Test_F1=0.4158 | AUC=0.8449
Training MLP with StandardScaler (GridSearchCV)...
PCA_Components=None | Threshold=0.648 | CV_F1=0.3537 | Test_F1=0.3735 | AUC=0.8140

=== PCA ABLATION: WITH PCA vs WITHOUT PCA ===
  Dataset   Model  F1_With_PCA  F1_Without_PCA  F1_Diff  ROC_AUC_With_PCA  ROC_AUC_Without_PCA  ROC_AUC_Diff  Training_Time_Seconds_With_PCA  Training_Time_Seconds_Without_PCA
 Clinical     KNN       0.3548          0.3574  -0.0026            0.7728               0.7748       -0.0021                         70.4264                            51.0062
 Clinical     SVM       0.3792          0.3796  -0.0004            0.8129               0.8124        0.0005                        139.4213                            73.3589
 Clinical XGBoost       0.4100          0.4062   0.0038            0.8431               0.8403        0.0028                         15.3642                            14.2417
 Clinical     MLP       0.3979          0.3797   0.0182            0.8311               0.8144        0.0167                        357.6734                           324.7191
Lifestyle     KNN       0.1722          0.1722  -0.0000            0.5648               0.5652       -0.0004                         39.8362                            34.2845
Lifestyle     SVM       0.2186          0.2186  -0.0000            0.6202               0.6135        0.0068                        132.1331                            67.6866
Lifestyle XGBoost       0.2223          0.2227  -0.0004            0.6385               0.6385       -0.0000                         12.0319                            10.8647
Lifestyle     MLP       0.2221          0.2225  -0.0003            0.6385               0.6382        0.0003                        376.8469                           153.4569
   Merged     KNN       0.3512          0.3589  -0.0077            0.7873               0.7893       -0.0020                         57.8938                            20.7892
   Merged     SVM       0.3686          0.3680   0.0006            0.8019               0.8017        0.0002                        145.5313                            76.0375
   Merged XGBoost       0.4065          0.4158  -0.0093            0.8420               0.8449       -0.0029                         15.4255                             7.8274
   Merged     MLP       0.3880          0.3735   0.0145            0.8248               0.8140        0.0108                        419.6635                           289.0076
